ERROR [portable_pty::win::psuedocon] CreateProcessW `"\"C:\\Program Files\\nodejs\\npm.cmd\\npm\" run inngest:dev\0"` in cwd `Some("C:\\Users\\DELL\\Desktop\\placements\\workflow\\nodebase\0")` failed: %1 is not a valid Win32 application. (os error 193)
ERROR [portable_pty::win::psuedocon] CreateProcessW `"\"C:\\Program Files\\nodejs\\npm.cmd\\npm\" run dev\0"` in cwd `Some("C:\\Users\\DELL\\Desktop\\placements\\workflow\\nodebase\0")` failed: %1 is not a valid Win32 application. (os error 193)
ERROR [lib::error] Error: channel closed
ERROR [portable_pty::win::psuedocon] CreateProcessW `"\"C:\\Program Files\\nodejs\\npm.cmd\\npm\" run inngest:dev\0"` in cwd `Some("C:\\Users\\DELL\\Desktop\\placements\\workflow\\nodebase\0")` failed: %1 is not a valid Win32 application. (os error 193)
ERROR [portable_pty::win::psuedocon] CreateProcessW `"\"C:\\Program Files\\nodejs\\npm.cmd\\npm\" run dev\0"` in cwd `Some("C:\\Users\\DELL\\Desktop\\placements\\workflow\\nodebase\0")` failed: %1 is not a valid Win32 application. (os error 193)
ERROR [portable_pty::win::psuedocon] CreateProcessW `"\"C:\\Program Files\\nodejs\\npm.cmd\\npm\" run dev\0"` in cwd `Some("C:\\Users\\DELL\\Desktop\\placements\\workflow\\nodebase\0")` failed: %1 is not a valid Win32 application. (os error 193)
ERROR [portable_pty::win::psuedocon] CreateProcessW `"\"C:\\Program Files\\nodejs\\npm.cmd\\npm\" run dev\0"` in cwd `Some("C:\\Users\\DELL\\Desktop\\placements\\workflow\\nodebase\0")` failed: %1 is not a valid Win32 application. (os error 193)
ERROR [portable_pty::win::psuedocon] CreateProcessW `"\"C:\\Program Files\\nodejs\\npm.cmd\\npm\" run dev\0"` in cwd `Some("C:\\Users\\DELL\\Desktop\\placements\\workflow\\nodebase\0")` failed: %1 is not a valid Win32 application. (os error 193)
ERROR [lib::error] Error: channel closed
ERROR [lib::error] Error: channel closed
ERROR [lib::error] Error: channel closed
ERROR [lib::error] Error: channel closed
ERROR [lib::error] Error: channel closed
ERROR [lib::error] Error: channel closed
ERROR [lib::mprocs] Got panic. @info:panicked at src\vt100\screen.rs:457:10:
called `Option::unwrap()` on a `None` value
@stackTrace:disabled backtrace
ERROR [lib::error] Error: channel closed
ERROR [lib::error] Error: channel closed
ERROR [lib::error] Error: channel closed
ERROR [lib::error] Error: channel closed
ERROR [lib::error] Error: channel closed
ERROR [lib::error] Error: channel closed
ERROR [lib::error] Error: channel closed
ERROR [lib::error] Error: channel closed
ERROR [lib::error] Error: channel closed
ERROR [lib::error] Error: channel closed
ERROR [lib::error] Error: channel closed
ERROR [lib::error] Error: channel closed
ERROR [lib::error] Error: channel closed
ERROR [lib::error] Error: channel closed
ERROR [lib::error] Error: channel closed
ERROR [lib::error] Error: channel closed
ERROR [lib::mprocs] Got panic. @info:panicked at src\vt100\screen.rs:457:10:
called `Option::unwrap()` on a `None` value
@stackTrace:disabled backtrace
ERROR [lib::error] Error: channel closed
ERROR [lib::mprocs] Got panic. @info:panicked at src\vt100\screen.rs:457:10:
called `Option::unwrap()` on a `None` value
@stackTrace:disabled backtrace
ERROR [lib::error] Error: channel closed
ERROR [lib::error] Error: channel closed
ERROR [lib::error] Error: channel closed
ERROR [lib::error] Error: channel closed
ERROR [lib::error] Error: channel closed
ERROR [lib::error] Error: channel closed
ERROR [lib::error] Error: channel closed
ERROR [lib::mprocs] Got panic. @info:panicked at src\vt100\screen.rs:457:10:
called `Option::unwrap()` on a `None` value
@stackTrace:disabled backtrace
ERROR [lib::error] Error: channel closed
ERROR [lib::error] Error: channel closed
ERROR [lib::error] Error: channel closed
ERROR [lib::error] Error: channel closed
ERROR [lib::error] Error: channel closed
